<?xml version="1.0" encoding="UTF-8"?>
<!-- Generated by org.testng.reporters.JUnitReportReporter -->
<testsuite hostname="DESKTOP-IOOF160" failures="0" tests="12" name="MyTestCases" time="37.711" errors="0" timestamp="2025-09-23T15:28:15 EET" skipped="3">
  <testcase classname="MyTestCases" name="AddNewRecord" time="0.034"/>
  <testcase classname="MyTestCases" name="updateData" time="0.005"/>
  <testcase classname="MyTestCases" name="ReadData" time="0.049"/>
  <testcase classname="MyTestCases" name="deleteData" time="0.006"/>
  <testcase classname="MyTestCases" name="AddItemToTheCart" time="4.127"/>
  <testcase classname="MyTestCases" name="AddItemToTheCart" time="9.258"/>
  <testcase classname="MyTestCases" name="AddItemToTheCart" time="9.739"/>
  <testcase classname="MyTestCases" name="AddItemToTheCart" time="10.435"/>
  <testcase classname="MyTestCases" name="AddItemToTheCart" time="4.058"/>
  <testcase classname="MyTestCases" name="SignupTest">
    <skipped/>
  </testcase> <!-- SignupTest -->
  <testcase classname="MyTestCases" name="LogoutTest">
    <skipped/>
  </testcase> <!-- LogoutTest -->
  <testcase classname="MyTestCases" name="Login">
    <skipped/>
  </testcase> <!-- Login -->
</testsuite> <!-- MyTestCases -->
