<?xml version="1.0" encoding="UTF-8"?>
<!-- Generated by org.testng.reporters.JUnitReportReporter -->
<testsuite hostname="DESKTOP-IOOF160" failures="0" tests="5" name="MyTestCases" time="3.336" errors="0" timestamp="2025-09-21T18:06:35 EET" skipped="0">
  <testcase classname="MyTestCases" name="AddNewRecord" time="0.039"/>
  <testcase classname="MyTestCases" name="updateData" time="0.005"/>
  <testcase classname="MyTestCases" name="ReadData" time="0.044"/>
  <testcase classname="MyTestCases" name="deleteData" time="0.011"/>
  <testcase classname="MyTestCases" name="SignupTest" time="3.237"/>
</testsuite> <!-- MyTestCases -->
