<?xml version="1.0" encoding="UTF-8"?>
<!-- Generated by org.testng.reporters.JUnitReportReporter -->
<testsuite hostname="DESKTOP-IOOF160" failures="0" tests="4" name="MyTestCase" time="1.259" errors="0" timestamp="2025-09-18T15:49:37 EET" skipped="2">
  <testcase classname="MyTestCase" name="UpdateData" time="0.030"/>
  <testcase classname="MyTestCase" name="ReadData" time="1.229"/>
  <testcase classname="MyTestCase" name="AddNewRecord">
    <skipped/>
  </testcase> <!-- AddNewRecord -->
  <testcase classname="MyTestCase" name="DeleteData">
    <skipped/>
  </testcase> <!-- DeleteData -->
</testsuite> <!-- MyTestCase -->
